<?xml version="1.0" encoding="UTF-8"?>
<!-- Generated by org.testng.reporters.JUnitReportReporter -->
<testsuite hostname="DESKTOP-5M1E1J5" failures="0" tests="1" name="com_hrm_testcases.LoginTest" time="7.073" errors="0" timestamp="2021-10-05T12:01:58 IST" skipped="0">
  <testcase classname="com_hrm_testcases.LoginTest" name="loginPage" time="7.073"/>
  <system-out/>
</testsuite> <!-- com_hrm_testcases.LoginTest -->
